<?xml version="1.0" encoding="UTF-8"?>
<testsuite xmlns:xsi="http://www.w3.org/2001/XMLSchema-instance" xsi:noNamespaceSchemaLocation="https://maven.apache.org/surefire/maven-surefire-plugin/xsd/surefire-test-report.xsd" name="com.luanpontes.hello.HelloSpec" time="1.528" tests="1" errors="0" skipped="0" failures="0">
  <properties>
    <property name="gopherProxySet" value="false"/>
    <property name="awt.toolkit" value="sun.lwawt.macosx.LWCToolkit"/>
    <property name="file.encoding.pkg" value="sun.io"/>
    <property name="java.specification.version" value="1.8"/>
    <property name="sun.cpu.isalist" value=""/>
    <property name="sun.jnu.encoding" value="UTF-8"/>
    <property name="java.class.path" value="/Users/toolmaker/Workspaces/Eclipse-Photon/DocaHanoi/target/test-classes:/Users/toolmaker/Workspaces/Eclipse-Photon/DocaHanoi/target/classes:/Users/toolmaker/.m2/repository/com/sparkjava/spark-core/2.8.0/spark-core-2.8.0.jar:/Users/toolmaker/.m2/repository/org/slf4j/slf4j-api/1.7.25/slf4j-api-1.7.25.jar:/Users/toolmaker/.m2/repository/org/eclipse/jetty/jetty-server/9.4.12.v20180830/jetty-server-9.4.12.v20180830.jar:/Users/toolmaker/.m2/repository/javax/servlet/javax.servlet-api/3.1.0/javax.servlet-api-3.1.0.jar:/Users/toolmaker/.m2/repository/org/eclipse/jetty/jetty-http/9.4.12.v20180830/jetty-http-9.4.12.v20180830.jar:/Users/toolmaker/.m2/repository/org/eclipse/jetty/jetty-util/9.4.12.v20180830/jetty-util-9.4.12.v20180830.jar:/Users/toolmaker/.m2/repository/org/eclipse/jetty/jetty-io/9.4.12.v20180830/jetty-io-9.4.12.v20180830.jar:/Users/toolmaker/.m2/repository/org/eclipse/jetty/jetty-webapp/9.4.12.v20180830/jetty-webapp-9.4.12.v20180830.jar:/Users/toolmaker/.m2/repository/org/eclipse/jetty/jetty-xml/9.4.12.v20180830/jetty-xml-9.4.12.v20180830.jar:/Users/toolmaker/.m2/repository/org/eclipse/jetty/jetty-servlet/9.4.12.v20180830/jetty-servlet-9.4.12.v20180830.jar:/Users/toolmaker/.m2/repository/org/eclipse/jetty/jetty-security/9.4.12.v20180830/jetty-security-9.4.12.v20180830.jar:/Users/toolmaker/.m2/repository/org/eclipse/jetty/websocket/websocket-server/9.4.12.v20180830/websocket-server-9.4.12.v20180830.jar:/Users/toolmaker/.m2/repository/org/eclipse/jetty/websocket/websocket-common/9.4.12.v20180830/websocket-common-9.4.12.v20180830.jar:/Users/toolmaker/.m2/repository/org/eclipse/jetty/websocket/websocket-client/9.4.12.v20180830/websocket-client-9.4.12.v20180830.jar:/Users/toolmaker/.m2/repository/org/eclipse/jetty/jetty-client/9.4.12.v20180830/jetty-client-9.4.12.v20180830.jar:/Users/toolmaker/.m2/repository/org/eclipse/jetty/websocket/websocket-servlet/9.4.12.v20180830/websocket-servlet-9.4.12.v20180830.jar:/Users/toolmaker/.m2/repository/org/eclipse/jetty/websocket/websocket-api/9.4.12.v20180830/websocket-api-9.4.12.v20180830.jar:/Users/toolmaker/.m2/repository/org/slf4j/slf4j-simple/1.7.21/slf4j-simple-1.7.21.jar:/Users/toolmaker/.m2/repository/org/spockframework/spock-core/1.3-groovy-2.5/spock-core-1.3-groovy-2.5.jar:/Users/toolmaker/.m2/repository/org/codehaus/groovy/groovy/2.5.4/groovy-2.5.4.jar:/Users/toolmaker/.m2/repository/org/codehaus/groovy/groovy-json/2.5.4/groovy-json-2.5.4.jar:/Users/toolmaker/.m2/repository/org/codehaus/groovy/groovy-nio/2.5.4/groovy-nio-2.5.4.jar:/Users/toolmaker/.m2/repository/org/codehaus/groovy/groovy-macro/2.5.4/groovy-macro-2.5.4.jar:/Users/toolmaker/.m2/repository/org/codehaus/groovy/groovy-templates/2.5.4/groovy-templates-2.5.4.jar:/Users/toolmaker/.m2/repository/org/codehaus/groovy/groovy-test/2.5.4/groovy-test-2.5.4.jar:/Users/toolmaker/.m2/repository/org/codehaus/groovy/groovy-sql/2.5.4/groovy-sql-2.5.4.jar:/Users/toolmaker/.m2/repository/org/codehaus/groovy/groovy-xml/2.5.4/groovy-xml-2.5.4.jar:/Users/toolmaker/.m2/repository/org/codehaus/groovy/groovy-ant/2.5.7/groovy-ant-2.5.7.jar:/Users/toolmaker/.m2/repository/org/apache/ant/ant/1.9.13/ant-1.9.13.jar:/Users/toolmaker/.m2/repository/org/apache/ant/ant-junit/1.9.13/ant-junit-1.9.13.jar:/Users/toolmaker/.m2/repository/org/apache/ant/ant-launcher/1.9.13/ant-launcher-1.9.13.jar:/Users/toolmaker/.m2/repository/org/apache/ant/ant-antlr/1.9.13/ant-antlr-1.9.13.jar:/Users/toolmaker/.m2/repository/org/codehaus/groovy/groovy-cli-commons/2.5.7/groovy-cli-commons-2.5.7.jar:/Users/toolmaker/.m2/repository/commons-cli/commons-cli/1.4/commons-cli-1.4.jar:/Users/toolmaker/.m2/repository/org/codehaus/groovy/groovy-cli-picocli/2.5.7/groovy-cli-picocli-2.5.7.jar:/Users/toolmaker/.m2/repository/info/picocli/picocli/3.9.5/picocli-3.9.5.jar:/Users/toolmaker/.m2/repository/org/codehaus/groovy/groovy-console/2.5.7/groovy-console-2.5.7.jar:/Users/toolmaker/.m2/repository/org/codehaus/groovy/groovy-datetime/2.5.7/groovy-datetime-2.5.7.jar:/Users/toolmaker/.m2/repository/org/codehaus/groovy/groovy-docgenerator/2.5.7/groovy-docgenerator-2.5.7.jar:/Users/toolmaker/.m2/repository/com/thoughtworks/qdox/qdox/1.12.1/qdox-1.12.1.jar:/Users/toolmaker/.m2/repository/org/codehaus/groovy/groovy-groovydoc/2.5.7/groovy-groovydoc-2.5.7.jar:/Users/toolmaker/.m2/repository/org/codehaus/groovy/groovy-groovysh/2.5.7/groovy-groovysh-2.5.7.jar:/Users/toolmaker/.m2/repository/jline/jline/2.14.6/jline-2.14.6.jar:/Users/toolmaker/.m2/repository/org/codehaus/groovy/groovy-jmx/2.5.7/groovy-jmx-2.5.7.jar:/Users/toolmaker/.m2/repository/org/codehaus/groovy/groovy-jsr223/2.5.7/groovy-jsr223-2.5.7.jar:/Users/toolmaker/.m2/repository/org/codehaus/groovy/groovy-servlet/2.5.7/groovy-servlet-2.5.7.jar:/Users/toolmaker/.m2/repository/org/codehaus/groovy/groovy-swing/2.5.7/groovy-swing-2.5.7.jar:/Users/toolmaker/.m2/repository/org/codehaus/groovy/groovy-test-junit5/2.5.7/groovy-test-junit5-2.5.7.jar:/Users/toolmaker/.m2/repository/org/junit/platform/junit-platform-launcher/1.4.0/junit-platform-launcher-1.4.0.jar:/Users/toolmaker/.m2/repository/org/apiguardian/apiguardian-api/1.0.0/apiguardian-api-1.0.0.jar:/Users/toolmaker/.m2/repository/org/junit/platform/junit-platform-engine/1.4.0/junit-platform-engine-1.4.0.jar:/Users/toolmaker/.m2/repository/org/opentest4j/opentest4j/1.1.1/opentest4j-1.1.1.jar:/Users/toolmaker/.m2/repository/org/junit/platform/junit-platform-commons/1.4.0/junit-platform-commons-1.4.0.jar:/Users/toolmaker/.m2/repository/org/junit/jupiter/junit-jupiter-engine/5.4.0/junit-jupiter-engine-5.4.0.jar:/Users/toolmaker/.m2/repository/org/junit/jupiter/junit-jupiter-api/5.4.0/junit-jupiter-api-5.4.0.jar:/Users/toolmaker/.m2/repository/org/codehaus/groovy/groovy-testng/2.5.7/groovy-testng-2.5.7.jar:/Users/toolmaker/.m2/repository/org/testng/testng/6.13.1/testng-6.13.1.jar:/Users/toolmaker/.m2/repository/com/beust/jcommander/1.72/jcommander-1.72.jar:/Users/toolmaker/.m2/repository/junit/junit/4.12/junit-4.12.jar:/Users/toolmaker/.m2/repository/org/hamcrest/hamcrest-core/1.3/hamcrest-core-1.3.jar:/Users/toolmaker/.m2/repository/org/apache/maven/surefire/surefire-testng-utils/2.20.1/surefire-testng-utils-2.20.1.jar:/Users/toolmaker/.m2/repository/org/apache/maven/surefire/surefire-grouper/2.20.1/surefire-grouper-2.20.1.jar:"/>
    <property name="java.vm.vendor" value="Oracle Corporation"/>
    <property name="sun.arch.data.model" value="64"/>
    <property name="java.vendor.url" value="http://java.oracle.com/"/>
    <property name="user.timezone" value=""/>
    <property name="java.vm.specification.version" value="1.8"/>
    <property name="os.name" value="Mac OS X"/>
    <property name="user.country" value="BR"/>
    <property name="sun.java.launcher" value="SUN_STANDARD"/>
    <property name="sun.boot.library.path" value="/Library/Java/JavaVirtualMachines/jdk1.8.0_162.jdk/Contents/Home/jre/lib"/>
    <property name="sun.java.command" value="/Users/toolmaker/Workspaces/Eclipse-Photon/DocaHanoi/target/surefire/surefirebooter9000047934123325057.jar /Users/toolmaker/Workspaces/Eclipse-Photon/DocaHanoi/target/surefire 2019-10-30T01-45-14_037-jvmRun1 surefire9055539789736513208tmp surefire_04429707189746503688tmp"/>
    <property name="http.nonProxyHosts" value="local|*.local|169.254/16|*.169.254/16"/>
    <property name="surefire.test.class.path" value="/Users/toolmaker/Workspaces/Eclipse-Photon/DocaHanoi/target/test-classes:/Users/toolmaker/Workspaces/Eclipse-Photon/DocaHanoi/target/classes:/Users/toolmaker/.m2/repository/com/sparkjava/spark-core/2.8.0/spark-core-2.8.0.jar:/Users/toolmaker/.m2/repository/org/slf4j/slf4j-api/1.7.25/slf4j-api-1.7.25.jar:/Users/toolmaker/.m2/repository/org/eclipse/jetty/jetty-server/9.4.12.v20180830/jetty-server-9.4.12.v20180830.jar:/Users/toolmaker/.m2/repository/javax/servlet/javax.servlet-api/3.1.0/javax.servlet-api-3.1.0.jar:/Users/toolmaker/.m2/repository/org/eclipse/jetty/jetty-http/9.4.12.v20180830/jetty-http-9.4.12.v20180830.jar:/Users/toolmaker/.m2/repository/org/eclipse/jetty/jetty-util/9.4.12.v20180830/jetty-util-9.4.12.v20180830.jar:/Users/toolmaker/.m2/repository/org/eclipse/jetty/jetty-io/9.4.12.v20180830/jetty-io-9.4.12.v20180830.jar:/Users/toolmaker/.m2/repository/org/eclipse/jetty/jetty-webapp/9.4.12.v20180830/jetty-webapp-9.4.12.v20180830.jar:/Users/toolmaker/.m2/repository/org/eclipse/jetty/jetty-xml/9.4.12.v20180830/jetty-xml-9.4.12.v20180830.jar:/Users/toolmaker/.m2/repository/org/eclipse/jetty/jetty-servlet/9.4.12.v20180830/jetty-servlet-9.4.12.v20180830.jar:/Users/toolmaker/.m2/repository/org/eclipse/jetty/jetty-security/9.4.12.v20180830/jetty-security-9.4.12.v20180830.jar:/Users/toolmaker/.m2/repository/org/eclipse/jetty/websocket/websocket-server/9.4.12.v20180830/websocket-server-9.4.12.v20180830.jar:/Users/toolmaker/.m2/repository/org/eclipse/jetty/websocket/websocket-common/9.4.12.v20180830/websocket-common-9.4.12.v20180830.jar:/Users/toolmaker/.m2/repository/org/eclipse/jetty/websocket/websocket-client/9.4.12.v20180830/websocket-client-9.4.12.v20180830.jar:/Users/toolmaker/.m2/repository/org/eclipse/jetty/jetty-client/9.4.12.v20180830/jetty-client-9.4.12.v20180830.jar:/Users/toolmaker/.m2/repository/org/eclipse/jetty/websocket/websocket-servlet/9.4.12.v20180830/websocket-servlet-9.4.12.v20180830.jar:/Users/toolmaker/.m2/repository/org/eclipse/jetty/websocket/websocket-api/9.4.12.v20180830/websocket-api-9.4.12.v20180830.jar:/Users/toolmaker/.m2/repository/org/slf4j/slf4j-simple/1.7.21/slf4j-simple-1.7.21.jar:/Users/toolmaker/.m2/repository/org/spockframework/spock-core/1.3-groovy-2.5/spock-core-1.3-groovy-2.5.jar:/Users/toolmaker/.m2/repository/org/codehaus/groovy/groovy/2.5.4/groovy-2.5.4.jar:/Users/toolmaker/.m2/repository/org/codehaus/groovy/groovy-json/2.5.4/groovy-json-2.5.4.jar:/Users/toolmaker/.m2/repository/org/codehaus/groovy/groovy-nio/2.5.4/groovy-nio-2.5.4.jar:/Users/toolmaker/.m2/repository/org/codehaus/groovy/groovy-macro/2.5.4/groovy-macro-2.5.4.jar:/Users/toolmaker/.m2/repository/org/codehaus/groovy/groovy-templates/2.5.4/groovy-templates-2.5.4.jar:/Users/toolmaker/.m2/repository/org/codehaus/groovy/groovy-test/2.5.4/groovy-test-2.5.4.jar:/Users/toolmaker/.m2/repository/org/codehaus/groovy/groovy-sql/2.5.4/groovy-sql-2.5.4.jar:/Users/toolmaker/.m2/repository/org/codehaus/groovy/groovy-xml/2.5.4/groovy-xml-2.5.4.jar:/Users/toolmaker/.m2/repository/org/codehaus/groovy/groovy-ant/2.5.7/groovy-ant-2.5.7.jar:/Users/toolmaker/.m2/repository/org/apache/ant/ant/1.9.13/ant-1.9.13.jar:/Users/toolmaker/.m2/repository/org/apache/ant/ant-junit/1.9.13/ant-junit-1.9.13.jar:/Users/toolmaker/.m2/repository/org/apache/ant/ant-launcher/1.9.13/ant-launcher-1.9.13.jar:/Users/toolmaker/.m2/repository/org/apache/ant/ant-antlr/1.9.13/ant-antlr-1.9.13.jar:/Users/toolmaker/.m2/repository/org/codehaus/groovy/groovy-cli-commons/2.5.7/groovy-cli-commons-2.5.7.jar:/Users/toolmaker/.m2/repository/commons-cli/commons-cli/1.4/commons-cli-1.4.jar:/Users/toolmaker/.m2/repository/org/codehaus/groovy/groovy-cli-picocli/2.5.7/groovy-cli-picocli-2.5.7.jar:/Users/toolmaker/.m2/repository/info/picocli/picocli/3.9.5/picocli-3.9.5.jar:/Users/toolmaker/.m2/repository/org/codehaus/groovy/groovy-console/2.5.7/groovy-console-2.5.7.jar:/Users/toolmaker/.m2/repository/org/codehaus/groovy/groovy-datetime/2.5.7/groovy-datetime-2.5.7.jar:/Users/toolmaker/.m2/repository/org/codehaus/groovy/groovy-docgenerator/2.5.7/groovy-docgenerator-2.5.7.jar:/Users/toolmaker/.m2/repository/com/thoughtworks/qdox/qdox/1.12.1/qdox-1.12.1.jar:/Users/toolmaker/.m2/repository/org/codehaus/groovy/groovy-groovydoc/2.5.7/groovy-groovydoc-2.5.7.jar:/Users/toolmaker/.m2/repository/org/codehaus/groovy/groovy-groovysh/2.5.7/groovy-groovysh-2.5.7.jar:/Users/toolmaker/.m2/repository/jline/jline/2.14.6/jline-2.14.6.jar:/Users/toolmaker/.m2/repository/org/codehaus/groovy/groovy-jmx/2.5.7/groovy-jmx-2.5.7.jar:/Users/toolmaker/.m2/repository/org/codehaus/groovy/groovy-jsr223/2.5.7/groovy-jsr223-2.5.7.jar:/Users/toolmaker/.m2/repository/org/codehaus/groovy/groovy-servlet/2.5.7/groovy-servlet-2.5.7.jar:/Users/toolmaker/.m2/repository/org/codehaus/groovy/groovy-swing/2.5.7/groovy-swing-2.5.7.jar:/Users/toolmaker/.m2/repository/org/codehaus/groovy/groovy-test-junit5/2.5.7/groovy-test-junit5-2.5.7.jar:/Users/toolmaker/.m2/repository/org/junit/platform/junit-platform-launcher/1.4.0/junit-platform-launcher-1.4.0.jar:/Users/toolmaker/.m2/repository/org/apiguardian/apiguardian-api/1.0.0/apiguardian-api-1.0.0.jar:/Users/toolmaker/.m2/repository/org/junit/platform/junit-platform-engine/1.4.0/junit-platform-engine-1.4.0.jar:/Users/toolmaker/.m2/repository/org/opentest4j/opentest4j/1.1.1/opentest4j-1.1.1.jar:/Users/toolmaker/.m2/repository/org/junit/platform/junit-platform-commons/1.4.0/junit-platform-commons-1.4.0.jar:/Users/toolmaker/.m2/repository/org/junit/jupiter/junit-jupiter-engine/5.4.0/junit-jupiter-engine-5.4.0.jar:/Users/toolmaker/.m2/repository/org/junit/jupiter/junit-jupiter-api/5.4.0/junit-jupiter-api-5.4.0.jar:/Users/toolmaker/.m2/repository/org/codehaus/groovy/groovy-testng/2.5.7/groovy-testng-2.5.7.jar:/Users/toolmaker/.m2/repository/org/testng/testng/6.13.1/testng-6.13.1.jar:/Users/toolmaker/.m2/repository/com/beust/jcommander/1.72/jcommander-1.72.jar:/Users/toolmaker/.m2/repository/junit/junit/4.12/junit-4.12.jar:/Users/toolmaker/.m2/repository/org/hamcrest/hamcrest-core/1.3/hamcrest-core-1.3.jar:/Users/toolmaker/.m2/repository/org/apache/maven/surefire/surefire-testng-utils/2.20.1/surefire-testng-utils-2.20.1.jar:/Users/toolmaker/.m2/repository/org/apache/maven/surefire/surefire-grouper/2.20.1/surefire-grouper-2.20.1.jar:"/>
    <property name="sun.cpu.endian" value="little"/>
    <property name="user.home" value="/Users/toolmaker"/>
    <property name="user.language" value="pt"/>
    <property name="java.specification.vendor" value="Oracle Corporation"/>
    <property name="java.home" value="/Library/Java/JavaVirtualMachines/jdk1.8.0_162.jdk/Contents/Home/jre"/>
    <property name="basedir" value="/Users/toolmaker/Workspaces/Eclipse-Photon/DocaHanoi"/>
    <property name="file.separator" value="/"/>
    <property name="line.separator" value="&#10;"/>
    <property name="java.vm.specification.vendor" value="Oracle Corporation"/>
    <property name="java.specification.name" value="Java Platform API Specification"/>
    <property name="java.awt.graphicsenv" value="sun.awt.CGraphicsEnvironment"/>
    <property name="surefire.real.class.path" value="/Users/toolmaker/Workspaces/Eclipse-Photon/DocaHanoi/target/surefire/surefirebooter9000047934123325057.jar"/>
    <property name="sun.boot.class.path" value="/Library/Java/JavaVirtualMachines/jdk1.8.0_162.jdk/Contents/Home/jre/lib/resources.jar:/Library/Java/JavaVirtualMachines/jdk1.8.0_162.jdk/Contents/Home/jre/lib/rt.jar:/Library/Java/JavaVirtualMachines/jdk1.8.0_162.jdk/Contents/Home/jre/lib/sunrsasign.jar:/Library/Java/JavaVirtualMachines/jdk1.8.0_162.jdk/Contents/Home/jre/lib/jsse.jar:/Library/Java/JavaVirtualMachines/jdk1.8.0_162.jdk/Contents/Home/jre/lib/jce.jar:/Library/Java/JavaVirtualMachines/jdk1.8.0_162.jdk/Contents/Home/jre/lib/charsets.jar:/Library/Java/JavaVirtualMachines/jdk1.8.0_162.jdk/Contents/Home/jre/lib/jfr.jar:/Library/Java/JavaVirtualMachines/jdk1.8.0_162.jdk/Contents/Home/jre/classes"/>
    <property name="sun.management.compiler" value="HotSpot 64-Bit Tiered Compilers"/>
    <property name="ftp.nonProxyHosts" value="local|*.local|169.254/16|*.169.254/16"/>
    <property name="java.runtime.version" value="1.8.0_162-b12"/>
    <property name="user.name" value="toolmaker"/>
    <property name="path.separator" value=":"/>
    <property name="os.version" value="10.13.6"/>
    <property name="java.endorsed.dirs" value="/Library/Java/JavaVirtualMachines/jdk1.8.0_162.jdk/Contents/Home/jre/lib/endorsed"/>
    <property name="java.runtime.name" value="Java(TM) SE Runtime Environment"/>
    <property name="file.encoding" value="UTF-8"/>
    <property name="java.vm.name" value="Java HotSpot(TM) 64-Bit Server VM"/>
    <property name="localRepository" value="/Users/toolmaker/.m2/repository"/>
    <property name="java.vendor.url.bug" value="http://bugreport.sun.com/bugreport/"/>
    <property name="java.io.tmpdir" value="/var/folders/lg/ycfc433x077cn3g3xwyjfj4h0000gn/T/"/>
    <property name="java.version" value="1.8.0_162"/>
    <property name="user.dir" value="/Users/toolmaker/Workspaces/Eclipse-Photon/DocaHanoi"/>
    <property name="os.arch" value="x86_64"/>
    <property name="java.vm.specification.name" value="Java Virtual Machine Specification"/>
    <property name="java.awt.printerjob" value="sun.lwawt.macosx.CPrinterJob"/>
    <property name="sun.os.patch.level" value="unknown"/>
    <property name="java.library.path" value="/Users/toolmaker/Library/Java/Extensions:/Library/Java/Extensions:/Network/Library/Java/Extensions:/System/Library/Java/Extensions:/usr/lib/java:."/>
    <property name="java.vm.info" value="mixed mode"/>
    <property name="java.vendor" value="Oracle Corporation"/>
    <property name="java.vm.version" value="25.162-b12"/>
    <property name="java.ext.dirs" value="/Users/toolmaker/Library/Java/Extensions:/Library/Java/JavaVirtualMachines/jdk1.8.0_162.jdk/Contents/Home/jre/lib/ext:/Library/Java/Extensions:/Network/Library/Java/Extensions:/System/Library/Java/Extensions:/usr/lib/java"/>
    <property name="sun.io.unicode.encoding" value="UnicodeBig"/>
    <property name="java.class.version" value="52.0"/>
    <property name="socksNonProxyHosts" value="local|*.local|169.254/16|*.169.254/16"/>
  </properties>
  <testcase name="maximum of two numbers on maximum of two numbers(com.luanpontes.hello.HelloSpec)" classname="com.luanpontes.hello.HelloSpec" time="0.176"/>
</testsuite>