<?xml version="1.0" encoding="UTF-8"?>
<!-- Generated by org.testng.reporters.JUnitReportReporter -->
<testsuite skipped="0" hostname="macluan" name="com.luanpontes.hello.HelloSpec" tests="1" failures="0" timestamp="30 out 2019 03:45:16 GMT" time="0.840" errors="0">
  <testcase name="maximum of two numbers" time="0.840" classname="com.luanpontes.hello.HelloSpec"/>
</testsuite> <!-- com.luanpontes.hello.HelloSpec -->
